<?xml version="1.0" encoding="UTF-8"?>
<testng-results skipped="0" failed="0" ignored="0" total="1" passed="1">
  <reporter-output>
  </reporter-output>
  <suite name="Default suite" duration-ms="8303" started-at="2021-12-25T06:59:40Z" finished-at="2021-12-25T06:59:48Z">
    <groups>
    </groups>
    <test name="Default test" duration-ms="8303" started-at="2021-12-25T06:59:40Z" finished-at="2021-12-25T06:59:48Z">
      <class name="com.restassured.GetDemo">
        <test-method status="PASS" signature="apiPost()[pri:0, instance:com.restassured.GetDemo@4cc0edeb]" name="apiPost" duration-ms="8176" started-at="2021-12-25T06:59:40Z" finished-at="2021-12-25T06:59:48Z">
          <reporter-output>
          </reporter-output>
        </test-method> <!-- apiPost -->
      </class> <!-- com.restassured.GetDemo -->
    </test> <!-- Default test -->
  </suite> <!-- Default suite -->
</testng-results>
