<?xml version="1.0" encoding="UTF-8"?>
<testng-results skipped="0" failed="0" ignored="0" total="1" passed="1">
  <reporter-output>
  </reporter-output>
  <suite name="Default suite" duration-ms="15501" started-at="2021-12-25T06:28:14Z" finished-at="2021-12-25T06:28:29Z">
    <groups>
    </groups>
    <test name="Default test" duration-ms="15501" started-at="2021-12-25T06:28:14Z" finished-at="2021-12-25T06:28:29Z">
      <class name="com.restassured.GetDemo">
        <test-method status="PASS" signature="apiTest()[pri:0, instance:com.restassured.GetDemo@4cc0edeb]" name="apiTest" duration-ms="15410" started-at="2021-12-25T06:28:14Z" finished-at="2021-12-25T06:28:29Z">
          <reporter-output>
          </reporter-output>
        </test-method> <!-- apiTest -->
      </class> <!-- com.restassured.GetDemo -->
    </test> <!-- Default test -->
  </suite> <!-- Default suite -->
</testng-results>
